<?xml version="1.0" encoding="UTF-8" ?>
<testsuite tests="45" failures="0" name="br.ifes.leticia.ImpostodeRenda.CalcImpostodeRendaRunnerTest" time="0.073" errors="0" skipped="20">
  <properties>
    <property name="java.runtime.name" value="Java(TM) SE Runtime Environment"/>
    <property name="sun.boot.library.path" value="C:\Program Files\Java\jdk1.8.0_77\jre\bin"/>
    <property name="java.vm.version" value="25.77-b03"/>
    <property name="java.vm.vendor" value="Oracle Corporation"/>
    <property name="maven.multiModuleProjectDirectory" value="C:\Users\Leticia Senna\workspace\ImpostodeRenda"/>
    <property name="java.vendor.url" value="http://java.oracle.com/"/>
    <property name="path.separator" value=";"/>
    <property name="guice.disable.misplaced.annotation.check" value="true"/>
    <property name="java.vm.name" value="Java HotSpot(TM) 64-Bit Server VM"/>
    <property name="file.encoding.pkg" value="sun.io"/>
    <property name="user.script" value=""/>
    <property name="user.country" value="BR"/>
    <property name="sun.java.launcher" value="SUN_STANDARD"/>
    <property name="sun.os.patch.level" value=""/>
    <property name="java.vm.specification.name" value="Java Virtual Machine Specification"/>
    <property name="user.dir" value="C:\Users\Leticia Senna\workspace\ImpostodeRenda"/>
    <property name="java.runtime.version" value="1.8.0_77-b03"/>
    <property name="java.awt.graphicsenv" value="sun.awt.Win32GraphicsEnvironment"/>
    <property name="java.endorsed.dirs" value="C:\Program Files\Java\jdk1.8.0_77\jre\lib\endorsed"/>
    <property name="os.arch" value="amd64"/>
    <property name="java.io.tmpdir" value="C:\Users\LETICI~1\AppData\Local\Temp\"/>
    <property name="line.separator" value="
"/>
    <property name="java.vm.specification.vendor" value="Oracle Corporation"/>
    <property name="user.variant" value=""/>
    <property name="os.name" value="Windows 8.1"/>
    <property name="classworlds.conf" value="C:\Users\Leticia Senna\workspace\.metadata\.plugins\org.eclipse.m2e.launching\launches\m2conf8791094182845378334.tmp"/>
    <property name="sun.jnu.encoding" value="Cp1252"/>
    <property name="java.library.path" value="C:\Program Files\Java\jdk1.8.0_77\bin;C:\Windows\Sun\Java\bin;C:\Windows\system32;C:\Windows;C:/Program Files/Java/jdk1.8.0_77/jre/bin/server;C:/Program Files/Java/jdk1.8.0_77/jre/bin;C:/Program Files/Java/jdk1.8.0_77/jre/lib/amd64;C:\ProgramData\Oracle\Java\javapath;C:\Program Files (x86)\Intel\iCLS Client\;C:\Program Files\Intel\iCLS Client\;C:\Windows\system32;C:\Windows;C:\Windows\System32\Wbem;C:\Windows\System32\WindowsPowerShell\v1.0\;C:\Program Files\Intel\Intel(R) Management Engine Components\DAL;C:\Program Files\Intel\Intel(R) Management Engine Components\IPT;C:\Program Files (x86)\Intel\Intel(R) Management Engine Components\DAL;C:\Program Files (x86)\Intel\Intel(R) Management Engine Components\IPT;C:\Program Files\apache-maven-3.3.9\bin;C:\Program Files\Java\jdk1.8.0_77\bin;C:\Program Files\Git\cmd;C:\Program Files\Git\mingw64\bin;C:\Program Files\Git\usr\bin;C:\Users\Leticia Senna\Desktop;;."/>
    <property name="java.specification.name" value="Java Platform API Specification"/>
    <property name="java.class.version" value="52.0"/>
    <property name="sun.management.compiler" value="HotSpot 64-Bit Tiered Compilers"/>
    <property name="os.version" value="6.3"/>
    <property name="user.home" value="C:\Users\Leticia Senna"/>
    <property name="user.timezone" value="America/Sao_Paulo"/>
    <property name="java.awt.printerjob" value="sun.awt.windows.WPrinterJob"/>
    <property name="java.specification.version" value="1.8"/>
    <property name="file.encoding" value="Cp1252"/>
    <property name="user.name" value="Leticia Senna"/>
    <property name="java.class.path" value="/C:/Users/Leticia Senna/eclipse/jee-neon/eclipse/../../../.p2/pool/plugins/org.eclipse.m2e.maven.runtime_1.7.0.20160603-1931/jars/plexus-classworlds-2.5.2.jar"/>
    <property name="java.vm.specification.version" value="1.8"/>
    <property name="sun.arch.data.model" value="64"/>
    <property name="java.home" value="C:\Program Files\Java\jdk1.8.0_77\jre"/>
    <property name="sun.java.command" value="org.codehaus.plexus.classworlds.launcher.Launcher -B test"/>
    <property name="java.specification.vendor" value="Oracle Corporation"/>
    <property name="user.language" value="pt"/>
    <property name="awt.toolkit" value="sun.awt.windows.WToolkit"/>
    <property name="java.vm.info" value="mixed mode"/>
    <property name="java.version" value="1.8.0_77"/>
    <property name="java.ext.dirs" value="C:\Program Files\Java\jdk1.8.0_77\jre\lib\ext;C:\Windows\Sun\Java\lib\ext"/>
    <property name="sun.boot.class.path" value="C:\Program Files\Java\jdk1.8.0_77\jre\lib\resources.jar;C:\Program Files\Java\jdk1.8.0_77\jre\lib\rt.jar;C:\Program Files\Java\jdk1.8.0_77\jre\lib\sunrsasign.jar;C:\Program Files\Java\jdk1.8.0_77\jre\lib\jsse.jar;C:\Program Files\Java\jdk1.8.0_77\jre\lib\jce.jar;C:\Program Files\Java\jdk1.8.0_77\jre\lib\charsets.jar;C:\Program Files\Java\jdk1.8.0_77\jre\lib\jfr.jar;C:\Program Files\Java\jdk1.8.0_77\jre\classes"/>
    <property name="java.vendor" value="Oracle Corporation"/>
    <property name="maven.home" value="C:\Users\Leticia Senna\workspace\ImpostodeRenda\EMBEDDED"/>
    <property name="file.separator" value="\"/>
    <property name="java.vendor.url.bug" value="http://bugreport.sun.com/bugreport/"/>
    <property name="sun.cpu.endian" value="little"/>
    <property name="sun.io.unicode.encoding" value="UnicodeLittle"/>
    <property name="sun.desktop" value="windows"/>
    <property name="sun.cpu.isalist" value="amd64"/>
  </properties>
  <testcase classname="|  | 1903\u002C98 |  |" name="Given Eu tenho um salario" time="0.001"/>
  <testcase classname="|  | 1903\u002C98 |  |" name="When Eu quero calcular o imposto do salario maior que o valor inicial \&quot;&lt;Valor_inicial&gt;\&quot;" time="0.006">
    <skipped/>
  </testcase>
  <testcase classname="|  | 1903\u002C98 |  |" name="And menor que o valor final \&quot;&lt;Valor_final&gt;\&quot;" time="0.007">
    <skipped/>
  </testcase>
  <testcase classname="|  | 1903\u002C98 |  |" name="Then Eu tenho o valor da aliquota \&quot;\&quot;" time="0.008">
    <skipped/>
  </testcase>
  <testcase classname="|  | 1903\u002C98 |  |" name="|  | 1903\u002C98 |  |" time="0.009">
    <skipped/>
  </testcase>
  <testcase classname="|  | 1903\u002C98 |  |" name="|  | 1903\u002C98 |  |" time="0.009"/>
  <testcase classname="| 1903\u002C99 | 2826\u002C65 | 7\u002C5 |" name="Given Eu tenho um salario" time="0.001"/>
  <testcase classname="| 1903\u002C99 | 2826\u002C65 | 7\u002C5 |" name="When Eu quero calcular o imposto do salario maior que o valor inicial \&quot;&lt;Valor_inicial&gt;\&quot;" time="0.001">
    <skipped/>
  </testcase>
  <testcase classname="| 1903\u002C99 | 2826\u002C65 | 7\u002C5 |" name="And menor que o valor final \&quot;&lt;Valor_final&gt;\&quot;" time="0.001">
    <skipped/>
  </testcase>
  <testcase classname="| 1903\u002C99 | 2826\u002C65 | 7\u002C5 |" name="Then Eu tenho o valor da aliquota \&quot;7\u002C5\&quot;" time="0.003">
    <skipped/>
  </testcase>
  <testcase classname="| 1903\u002C99 | 2826\u002C65 | 7\u002C5 |" name="| 1903\u002C99 | 2826\u002C65 | 7\u002C5 |" time="0.003">
    <skipped/>
  </testcase>
  <testcase classname="| 1903\u002C99 | 2826\u002C65 | 7\u002C5 |" name="| 1903\u002C99 | 2826\u002C65 | 7\u002C5 |" time="0.003"/>
  <testcase classname="| 2826\u002C66 | 3751\u002C05 | 15 |" name="Given Eu tenho um salario" time="0"/>
  <testcase classname="| 2826\u002C66 | 3751\u002C05 | 15 |" name="When Eu quero calcular o imposto do salario maior que o valor inicial \&quot;&lt;Valor_inicial&gt;\&quot;" time="0">
    <skipped/>
  </testcase>
  <testcase classname="| 2826\u002C66 | 3751\u002C05 | 15 |" name="And menor que o valor final \&quot;&lt;Valor_final&gt;\&quot;" time="0">
    <skipped/>
  </testcase>
  <testcase classname="| 2826\u002C66 | 3751\u002C05 | 15 |" name="Then Eu tenho o valor da aliquota \&quot;15\&quot;" time="0.001">
    <skipped/>
  </testcase>
  <testcase classname="| 2826\u002C66 | 3751\u002C05 | 15 |" name="| 2826\u002C66 | 3751\u002C05 | 15 |" time="0.002">
    <skipped/>
  </testcase>
  <testcase classname="| 2826\u002C66 | 3751\u002C05 | 15 |" name="| 2826\u002C66 | 3751\u002C05 | 15 |" time="0.002"/>
  <testcase classname="| 3751\u002C06 | 4664\u002C68 | 22\u002C5 |" name="Given Eu tenho um salario" time="0"/>
  <testcase classname="| 3751\u002C06 | 4664\u002C68 | 22\u002C5 |" name="When Eu quero calcular o imposto do salario maior que o valor inicial \&quot;&lt;Valor_inicial&gt;\&quot;" time="0.001">
    <skipped/>
  </testcase>
  <testcase classname="| 3751\u002C06 | 4664\u002C68 | 22\u002C5 |" name="And menor que o valor final \&quot;&lt;Valor_final&gt;\&quot;" time="0.001">
    <skipped/>
  </testcase>
  <testcase classname="| 3751\u002C06 | 4664\u002C68 | 22\u002C5 |" name="Then Eu tenho o valor da aliquota \&quot;22\u002C5\&quot;" time="0.001">
    <skipped/>
  </testcase>
  <testcase classname="| 3751\u002C06 | 4664\u002C68 | 22\u002C5 |" name="| 3751\u002C06 | 4664\u002C68 | 22\u002C5 |" time="0.002">
    <skipped/>
  </testcase>
  <testcase classname="| 3751\u002C06 | 4664\u002C68 | 22\u002C5 |" name="| 3751\u002C06 | 4664\u002C68 | 22\u002C5 |" time="0.002"/>
  <testcase classname="| 4664\u002C69 |  | 27\u002C5 |" name="Given Eu tenho um salario" time="0"/>
  <testcase classname="| 4664\u002C69 |  | 27\u002C5 |" name="When Eu quero calcular o imposto do salario maior que o valor inicial \&quot;&lt;Valor_inicial&gt;\&quot;" time="0.001">
    <skipped/>
  </testcase>
  <testcase classname="| 4664\u002C69 |  | 27\u002C5 |" name="And menor que o valor final \&quot;&lt;Valor_final&gt;\&quot;" time="0.001">
    <skipped/>
  </testcase>
  <testcase classname="| 4664\u002C69 |  | 27\u002C5 |" name="Then Eu tenho o valor da aliquota \&quot;27\u002C5\&quot;" time="0.001">
    <skipped/>
  </testcase>
  <testcase classname="| 4664\u002C69 |  | 27\u002C5 |" name="| 4664\u002C69 |  | 27\u002C5 |" time="0.001">
    <skipped/>
  </testcase>
  <testcase classname="| 4664\u002C69 |  | 27\u002C5 |" name="| 4664\u002C69 |  | 27\u002C5 |" time="0.002"/>
  <testcase classname="Scenario: calculando o imposto de renda" name="Given Eu tenho um salario" time="0"/>
  <testcase classname="Scenario: calculando o imposto de renda" name="When Eu quero calcular o imposto de renda do salario \&quot;1900.0\&quot;" time="0"/>
  <testcase classname="Scenario: calculando o imposto de renda" name="Then Eu tenho o valor da aliquota \&quot;0.0\&quot;" time="0"/>
  <testcase classname="Scenario: calculando o imposto de renda" name="And Eu tenho o valor \&quot;0.0\&quot; do imposto de renda" time="0"/>
  <testcase classname="Scenario: calculando o imposto de renda" name="Scenario: calculando o imposto de renda" time="0"/>
  <testcase classname="Scenario: calculando o imposto de renda" name="Given Eu tenho um salario" time="0"/>
  <testcase classname="Scenario: calculando o imposto de renda" name="When Eu quero calcular o imposto de renda do salario \&quot;2000.0\&quot;" time="0"/>
  <testcase classname="Scenario: calculando o imposto de renda" name="Then Eu tenho o valor da aliquota \&quot;7.5\&quot;" time="0"/>
  <testcase classname="Scenario: calculando o imposto de renda" name="And Eu tenho o valor \&quot;150.0\&quot; do imposto de renda" time="0"/>
  <testcase classname="Scenario: calculando o imposto de renda" name="Scenario: calculando o imposto de renda" time="0"/>
  <testcase classname="Scenario: calculando o imposto de renda" name="Given Eu tenho um salario" time="0.001"/>
  <testcase classname="Scenario: calculando o imposto de renda" name="When Eu quero calcular o imposto de renda do salario \&quot;3000.00\&quot;" time="0"/>
  <testcase classname="Scenario: calculando o imposto de renda" name="Then Eu tenho o valor da aliquota \&quot;15\&quot;" time="0"/>
  <testcase classname="Scenario: calculando o imposto de renda" name="And Eu tenho o valor \&quot;450.0\&quot; do imposto de renda" time="0.001"/>
  <testcase classname="Scenario: calculando o imposto de renda" name="Scenario: calculando o imposto de renda" time="0.001"/>
</testsuite>